#
# There is insufficient memory for the Java Runtime Environment to continue.
# Native memory allocation (malloc) failed to allocate 1212016 bytes for Chunk::new
# Possible reasons:
#   The system is out of physical RAM or swap space
#   The process is running with CompressedOops enabled, and the Java Heap may be blocking the growth of the native heap
# Possible solutions:
#   Reduce memory load on the system
#   Increase physical memory or swap space
#   Check if swap backing store is full
#   Decrease Java heap size (-Xmx/-Xms)
#   Decrease number of Java threads
#   Decrease Java thread stack sizes (-Xss)
#   Set larger code cache with -XX:ReservedCodeCacheSize=
#   JVM is running with Zero Based Compressed Oops mode in which the Java heap is
#     placed in the first 32GB address space. The Java Heap base address is the
#     maximum limit for the native heap growth. Please use -XX:HeapBaseMinAddress
#     to set the Java Heap base and to place the Java Heap above 32GB virtual address.
# This output file may be truncated or incomplete.
#
#  Out of Memory Error (arena.cpp:189), pid=52280, tid=46020
#
# JRE version: Java(TM) SE Runtime Environment (17.0.4+11) (build 17.0.4+11-LTS-179)
# Java VM: Java HotSpot(TM) 64-Bit Server VM (17.0.4+11-LTS-179, mixed mode, sharing, tiered, compressed oops, compressed class ptrs, g1 gc, windows-amd64)
# No core dump will be written. Minidumps are not enabled by default on client versions of Windows
#

---------------  S U M M A R Y ------------

Command Line: -javaagent:D:\Program Files\IntelliJ IDEA Community Edition 2022.3.2\lib\idea_rt.jar=64738:D:\Program Files\IntelliJ IDEA Community Edition 2022.3.2\bin -Dfile.encoding=UTF-8 com.bcaf.tugasakhir.TugasakhirApplication

Host: Intel(R) Core(TM) i5-8265U CPU @ 1.60GHz, 8 cores, 11G,  Windows 11 , 64 bit Build 23560 (10.0.23560.1000)
Time: Sun Oct 15 19:31:51 2023 SE Asia Standard Time elapsed time: 233.800803 seconds (0d 0h 3m 53s)

---------------  T H R E A D  ---------------

Current thread (0x000001779220bc10):  JavaThread "C2 CompilerThread1" daemon [_thread_in_native, id=46020, stack(0x00000009cf300000,0x00000009cf400000)]


Current CompileTask:
C2: 233800 14411   !   4       org.springframework.expression.spel.ast.PropertyOrFieldReference::readProperty (277 bytes)

Stack: [0x00000009cf300000,0x00000009cf400000]
Native frames: (J=compiled Java code, j=interpreted, Vv=VM code, C=native code)
V  [jvm.dll+0x6723da]
V  [jvm.dll+0x7d1f74]
V  [jvm.dll+0x7d371e]
V  [jvm.dll+0x7d3d83]
V  [jvm.dll+0x242ed5]
V  [jvm.dll+0xaa57b]
V  [jvm.dll+0xaab0c]
V  [jvm.dll+0x2a9c3f]
V  [jvm.dll+0x57a7d7]
V  [jvm.dll+0x21e1b2]
V  [jvm.dll+0x2179d9]
V  [jvm.dll+0x21530b]
V  [jvm.dll+0x1a1fcd]
V  [jvm.dll+0x224c78]
V  [jvm.dll+0x222de5]
V  [jvm.dll+0x787a5b]
V  [jvm.dll+0x78201a]
V  [jvm.dll+0x671265]
C  [ucrtbase.dll+0x29363]
C  [KERNEL32.DLL+0x1257d]
C  [ntdll.dll+0x5aa78]


---------------  P R O C E S S  ---------------

Threads class SMR info:
_java_thread_list=0x0000017791cf0140, length=34, elements={
0x00000177fbf02bf0, 0x00000177fbf05e70, 0x00000177fbf13510, 0x00000177fbf180f0,
0x00000177fbf18ca0, 0x00000177fbf1b760, 0x00000177fbf20910, 0x00000177fbf292d0,
0x00000177fbf2bbe0, 0x00000177fbeeb190, 0x00000177fcc8f3c0, 0x00000177fcc8f890,
0x00000177922c3700, 0x0000017790377030, 0x00000177fe2aec40, 0x0000017791fa6020,
0x0000017792f30960, 0x00000177ff0bf430, 0x00000177ff0c0770, 0x00000177ff0be5c0,
0x00000177ff0bea90, 0x00000177ff0be0f0, 0x00000177ff0bf900, 0x00000177ff0bd280,
0x00000177ff0bfdd0, 0x00000177ff0c0c40, 0x00000177ff0e79f0, 0x00000177ff0e4500,
0x00000177ff0e5370, 0x00000177ff0e61e0, 0x00000177ff0e3690, 0x00000177ff0e5d10,
0x00000177ff0e5840, 0x000001779220bc10
}

Java Threads: ( => current thread )
  0x00000177fbf02bf0 JavaThread "Reference Handler" daemon [_thread_blocked, id=89108, stack(0x00000009cfd00000,0x00000009cfe00000)]
  0x00000177fbf05e70 JavaThread "Finalizer" daemon [_thread_blocked, id=77516, stack(0x00000009cfe00000,0x00000009cff00000)]
  0x00000177fbf13510 JavaThread "Signal Dispatcher" daemon [_thread_blocked, id=72812, stack(0x00000009cff00000,0x00000009d0000000)]
  0x00000177fbf180f0 JavaThread "Attach Listener" daemon [_thread_blocked, id=41588, stack(0x00000009d0000000,0x00000009d0100000)]
  0x00000177fbf18ca0 JavaThread "Service Thread" daemon [_thread_blocked, id=13952, stack(0x00000009d0100000,0x00000009d0200000)]
  0x00000177fbf1b760 JavaThread "Monitor Deflation Thread" daemon [_thread_blocked, id=15496, stack(0x00000009d0200000,0x00000009d0300000)]
  0x00000177fbf20910 JavaThread "C2 CompilerThread0" daemon [_thread_in_native, id=42132, stack(0x00000009d0300000,0x00000009d0400000)]
  0x00000177fbf292d0 JavaThread "C1 CompilerThread0" daemon [_thread_blocked, id=70360, stack(0x00000009d0400000,0x00000009d0500000)]
  0x00000177fbf2bbe0 JavaThread "Sweeper thread" daemon [_thread_blocked, id=37812, stack(0x00000009d0500000,0x00000009d0600000)]
  0x00000177fbeeb190 JavaThread "Common-Cleaner" daemon [_thread_blocked, id=23900, stack(0x00000009d0600000,0x00000009d0700000)]
  0x00000177fcc8f3c0 JavaThread "Monitor Ctrl-Break" daemon [_thread_in_native, id=48728, stack(0x00000009d0800000,0x00000009d0900000)]
  0x00000177fcc8f890 JavaThread "Notification Thread" daemon [_thread_blocked, id=65760, stack(0x00000009d0900000,0x00000009d0a00000)]
  0x00000177922c3700 JavaThread "mssql-jdbc-shared-timer-core-0" daemon [_thread_blocked, id=6948, stack(0x00000009d1800000,0x00000009d1900000)]
  0x0000017790377030 JavaThread "HikariPool-1 housekeeper" daemon [_thread_blocked, id=26128, stack(0x00000009d1900000,0x00000009d1a00000)]
  0x00000177fe2aec40 JavaThread "Catalina-utility-1" [_thread_blocked, id=19192, stack(0x00000009d1500000,0x00000009d1600000)]
  0x0000017791fa6020 JavaThread "Catalina-utility-2" [_thread_blocked, id=17588, stack(0x00000009d1b00000,0x00000009d1c00000)]
  0x0000017792f30960 JavaThread "container-0" [_thread_blocked, id=76984, stack(0x00000009d1c00000,0x00000009d1d00000)]
  0x00000177ff0bf430 JavaThread "File Watcher" daemon [_thread_blocked, id=33480, stack(0x00000009d1d00000,0x00000009d1e00000)]
  0x00000177ff0c0770 JavaThread "Live Reload Server" daemon [_thread_in_native, id=58052, stack(0x00000009d1f00000,0x00000009d2000000)]
  0x00000177ff0be5c0 JavaThread "http-nio-8080-exec-1" daemon [_thread_in_native, id=62612, stack(0x00000009d1e00000,0x00000009d1f00000)]
  0x00000177ff0bea90 JavaThread "http-nio-8080-exec-2" daemon [_thread_blocked, id=14548, stack(0x00000009d2000000,0x00000009d2100000)]
  0x00000177ff0be0f0 JavaThread "http-nio-8080-exec-3" daemon [_thread_in_native, id=53236, stack(0x00000009d2100000,0x00000009d2200000)]
  0x00000177ff0bf900 JavaThread "http-nio-8080-exec-4" daemon [_thread_in_native, id=54396, stack(0x00000009d2200000,0x00000009d2300000)]
  0x00000177ff0bd280 JavaThread "http-nio-8080-exec-5" daemon [_thread_in_native, id=40860, stack(0x00000009d2300000,0x00000009d2400000)]
  0x00000177ff0bfdd0 JavaThread "http-nio-8080-exec-6" daemon [_thread_blocked, id=15660, stack(0x00000009d2400000,0x00000009d2500000)]
  0x00000177ff0c0c40 JavaThread "http-nio-8080-exec-7" daemon [_thread_blocked, id=31708, stack(0x00000009d2500000,0x00000009d2600000)]
  0x00000177ff0e79f0 JavaThread "http-nio-8080-exec-8" daemon [_thread_blocked, id=37656, stack(0x00000009d2600000,0x00000009d2700000)]
  0x00000177ff0e4500 JavaThread "http-nio-8080-exec-9" daemon [_thread_in_native, id=9876, stack(0x00000009d2700000,0x00000009d2800000)]
  0x00000177ff0e5370 JavaThread "http-nio-8080-exec-10" daemon [_thread_in_native, id=84972, stack(0x00000009d2800000,0x00000009d2900000)]
  0x00000177ff0e61e0 JavaThread "http-nio-8080-Poller" daemon [_thread_in_native, id=25908, stack(0x00000009d2900000,0x00000009d2a00000)]
  0x00000177ff0e3690 JavaThread "http-nio-8080-Acceptor" daemon [_thread_in_native, id=30840, stack(0x00000009d2a00000,0x00000009d2b00000)]
  0x00000177ff0e5d10 JavaThread "DestroyJavaVM" [_thread_blocked, id=67240, stack(0x00000009cf600000,0x00000009cf700000)]
  0x00000177ff0e5840 JavaThread "BC Entropy Daemon" daemon [_thread_blocked, id=61972, stack(0x00000009d1100000,0x00000009d1200000)]
=>0x000001779220bc10 JavaThread "C2 CompilerThread1" daemon [_thread_in_native, id=46020, stack(0x00000009cf300000,0x00000009cf400000)]

Other Threads:
  0x00000177fbefcff0 VMThread "VM Thread" [stack: 0x00000009cfc00000,0x00000009cfd00000] [id=84364]
  0x00000177fcee2f20 WatcherThread [stack: 0x00000009d0a00000,0x00000009d0b00000] [id=81336]
  0x00000177e86ea5d0 GCTaskThread "GC Thread#0" [stack: 0x00000009cf700000,0x00000009cf800000] [id=6060]
  0x00000177fe1610d0 GCTaskThread "GC Thread#1" [stack: 0x00000009d0c00000,0x00000009d0d00000] [id=75568]
  0x00000177fe161380 GCTaskThread "GC Thread#2" [stack: 0x00000009d0d00000,0x00000009d0e00000] [id=83124]
  0x00000177fe3e8040 GCTaskThread "GC Thread#3" [stack: 0x00000009d0e00000,0x00000009d0f00000] [id=78760]
  0x00000177fd093e50 GCTaskThread "GC Thread#4" [stack: 0x00000009d0f00000,0x00000009d1000000] [id=15580]
  0x00000177fd094100 GCTaskThread "GC Thread#5" [stack: 0x00000009d1000000,0x00000009d1100000] [id=66384]
  0x00000177fdae9080 GCTaskThread "GC Thread#6" [stack: 0x00000009d1300000,0x00000009d1400000] [id=41068]
  0x00000177fdda04b0 GCTaskThread "GC Thread#7" [stack: 0x00000009d1400000,0x00000009d1500000] [id=80852]
  0x00000177e86ee370 ConcurrentGCThread "G1 Main Marker" [stack: 0x00000009cf800000,0x00000009cf900000] [id=38208]
  0x00000177e86eec90 ConcurrentGCThread "G1 Conc#0" [stack: 0x00000009cf900000,0x00000009cfa00000] [id=72128]
  0x00000177fead3c50 ConcurrentGCThread "G1 Conc#1" [stack: 0x00000009d0b00000,0x00000009d0c00000] [id=16340]
  0x00000177ea943b00 ConcurrentGCThread "G1 Refine#0" [stack: 0x00000009cfa00000,0x00000009cfb00000] [id=53872]
  0x00000177ff1b5d40 ConcurrentGCThread "G1 Refine#1" [stack: 0x00000009d1600000,0x00000009d1700000] [id=52956]
  0x00000177fbdc1610 ConcurrentGCThread "G1 Service" [stack: 0x00000009cfb00000,0x00000009cfc00000] [id=90104]

Threads with active compile tasks:
C2 CompilerThread0   233850 14414       4       org.springframework.context.event.SimpleApplicationEventMulticaster::multicastEvent (90 bytes)
C2 CompilerThread1   233850 14411   !   4       org.springframework.expression.spel.ast.PropertyOrFieldReference::readProperty (277 bytes)

VM state: not at safepoint (normal execution)

VM Mutex/Monitor currently owned by a thread: None

Heap address: 0x0000000742400000, size: 3036 MB, Compressed Oops mode: Zero based, Oop shift amount: 3

CDS archive(s) mapped at: [0x0000000800000000-0x0000000800bc0000-0x0000000800bc0000), size 12320768, SharedBaseAddress: 0x0000000800000000, ArchiveRelocationMode: 0.
Compressed class space mapped at: 0x0000000800c00000-0x0000000840c00000, reserved size: 1073741824
Narrow klass base: 0x0000000800000000, Narrow klass shift: 0, Narrow klass range: 0x100000000

GC Precious Log:
 CPUs: 8 total, 8 available
 Memory: 12139M
 Large Page Support: Disabled
 NUMA Support: Disabled
 Compressed Oops: Enabled (Zero based)
 Heap Region Size: 2M
 Heap Min Capacity: 8M
 Heap Initial Capacity: 190M
 Heap Max Capacity: 3036M
 Pre-touch: Disabled
 Parallel Workers: 8
 Concurrent Workers: 2
 Concurrent Refinement Workers: 8
 Periodic GC: Disabled

Heap:
 garbage-first heap   total 133120K, used 48323K [0x0000000742400000, 0x0000000800000000)
  region size 2048K, 4 young (8192K), 1 survivors (2048K)
 Metaspace       used 77349K, committed 77888K, reserved 1122304K
  class space    used 9724K, committed 9984K, reserved 1048576K

Heap Regions: E=young(eden), S=young(survivor), O=old, HS=humongous(starts), HC=humongous(continues), CS=collection set, F=free, OA=open archive, CA=closed archive, TAMS=top-at-mark-start (previous, next)
|   0|0x0000000742400000, 0x0000000742600000, 0x0000000742600000|100%| O|  |TAMS 0x0000000742600000, 0x0000000742400000| Untracked 
|   1|0x0000000742600000, 0x0000000742800000, 0x0000000742800000|100%| O|  |TAMS 0x0000000742800000, 0x0000000742600000| Untracked 
|   2|0x0000000742800000, 0x0000000742a00000, 0x0000000742a00000|100%| O|  |TAMS 0x0000000742a00000, 0x0000000742800000| Untracked 
|   3|0x0000000742a00000, 0x0000000742c00000, 0x0000000742c00000|100%| O|  |TAMS 0x0000000742c00000, 0x0000000742a00000| Untracked 
|   4|0x0000000742c00000, 0x0000000742e00000, 0x0000000742e00000|100%| O|  |TAMS 0x0000000742e00000, 0x0000000742c00000| Untracked 
|   5|0x0000000742e00000, 0x0000000743000000, 0x0000000743000000|100%| O|  |TAMS 0x0000000742f2f600, 0x0000000742e00000| Untracked 
|   6|0x0000000743000000, 0x0000000743200000, 0x0000000743200000|100%| O|  |TAMS 0x0000000743200000, 0x0000000743000000| Untracked 
|   7|0x0000000743200000, 0x0000000743400000, 0x0000000743400000|100%| O|  |TAMS 0x0000000743400000, 0x0000000743200000| Untracked 
|   8|0x0000000743400000, 0x0000000743600000, 0x0000000743600000|100%| O|  |TAMS 0x0000000743600000, 0x0000000743400000| Untracked 
|   9|0x0000000743600000, 0x0000000743800000, 0x0000000743800000|100%| O|  |TAMS 0x0000000743600000, 0x0000000743600000| Untracked 
|  10|0x0000000743800000, 0x0000000743a00000, 0x0000000743a00000|100%| O|  |TAMS 0x0000000743a00000, 0x0000000743800000| Untracked 
|  11|0x0000000743a00000, 0x0000000743c00000, 0x0000000743c00000|100%| O|  |TAMS 0x0000000743c00000, 0x0000000743a00000| Untracked 
|  12|0x0000000743c00000, 0x0000000743e00000, 0x0000000743e00000|100%| O|  |TAMS 0x0000000743c00000, 0x0000000743c00000| Untracked 
|  13|0x0000000743e00000, 0x0000000744000000, 0x0000000744000000|100%| O|  |TAMS 0x0000000743e00000, 0x0000000743e00000| Untracked 
|  14|0x0000000744000000, 0x0000000744200000, 0x0000000744200000|100%| O|  |TAMS 0x0000000744200000, 0x0000000744000000| Untracked 
|  15|0x0000000744200000, 0x0000000744400000, 0x0000000744400000|100%| O|  |TAMS 0x0000000744400000, 0x0000000744200000| Untracked 
|  16|0x0000000744400000, 0x0000000744600000, 0x0000000744600000|100%| O|  |TAMS 0x0000000744600000, 0x0000000744400000| Untracked 
|  17|0x0000000744600000, 0x0000000744800000, 0x0000000744800000|100%| O|  |TAMS 0x0000000744800000, 0x0000000744600000| Untracked 
|  18|0x0000000744800000, 0x0000000744a00000, 0x0000000744a00000|100%| O|  |TAMS 0x0000000744800000, 0x0000000744800000| Untracked 
|  19|0x0000000744a00000, 0x0000000744c00000, 0x0000000744c00000|100%| O|  |TAMS 0x0000000744a00000, 0x0000000744a00000| Untracked 
|  20|0x0000000744c00000, 0x0000000744e00000, 0x0000000744e00000|100%| O|  |TAMS 0x0000000744c00000, 0x0000000744c00000| Untracked 
|  21|0x0000000744e00000, 0x0000000744eed400, 0x0000000745000000| 46%| O|  |TAMS 0x0000000744e00000, 0x0000000744e00000| Untracked 
|  22|0x0000000745000000, 0x0000000745000000, 0x0000000745200000|  0%| F|  |TAMS 0x0000000745000000, 0x0000000745000000| Untracked 
|  23|0x0000000745200000, 0x0000000745200000, 0x0000000745400000|  0%| F|  |TAMS 0x0000000745200000, 0x0000000745200000| Untracked 
|  24|0x0000000745400000, 0x0000000745400000, 0x0000000745600000|  0%| F|  |TAMS 0x0000000745400000, 0x0000000745400000| Untracked 
|  25|0x0000000745600000, 0x0000000745600000, 0x0000000745800000|  0%| F|  |TAMS 0x0000000745600000, 0x0000000745600000| Untracked 
|  26|0x0000000745800000, 0x0000000745800000, 0x0000000745a00000|  0%| F|  |TAMS 0x0000000745800000, 0x0000000745800000| Untracked 
|  27|0x0000000745a00000, 0x0000000745a00000, 0x0000000745c00000|  0%| F|  |TAMS 0x0000000745a00000, 0x0000000745a00000| Untracked 
|  28|0x0000000745c00000, 0x0000000745c00000, 0x0000000745e00000|  0%| F|  |TAMS 0x0000000745c00000, 0x0000000745c00000| Untracked 
|  29|0x0000000745e00000, 0x0000000745e43b50, 0x0000000746000000| 13%| S|CS|TAMS 0x0000000745e00000, 0x0000000745e00000| Complete 
|  30|0x0000000746000000, 0x0000000746000000, 0x0000000746200000|  0%| F|  |TAMS 0x0000000746000000, 0x0000000746000000| Untracked 
|  31|0x0000000746200000, 0x0000000746200000, 0x0000000746400000|  0%| F|  |TAMS 0x0000000746200000, 0x0000000746200000| Untracked 
|  32|0x0000000746400000, 0x0000000746400000, 0x0000000746600000|  0%| F|  |TAMS 0x0000000746400000, 0x0000000746400000| Untracked 
|  33|0x0000000746600000, 0x0000000746600000, 0x0000000746800000|  0%| F|  |TAMS 0x0000000746600000, 0x0000000746600000| Untracked 
|  34|0x0000000746800000, 0x0000000746800000, 0x0000000746a00000|  0%| F|  |TAMS 0x0000000746800000, 0x0000000746800000| Untracked 
|  35|0x0000000746a00000, 0x0000000746a00000, 0x0000000746c00000|  0%| F|  |TAMS 0x0000000746a00000, 0x0000000746a00000| Untracked 
|  36|0x0000000746c00000, 0x0000000746c00000, 0x0000000746e00000|  0%| F|  |TAMS 0x0000000746c00000, 0x0000000746c00000| Untracked 
|  37|0x0000000746e00000, 0x0000000746e00000, 0x0000000747000000|  0%| F|  |TAMS 0x0000000746e00000, 0x0000000746e00000| Untracked 
|  38|0x0000000747000000, 0x0000000747000000, 0x0000000747200000|  0%| F|  |TAMS 0x0000000747000000, 0x0000000747000000| Untracked 
|  39|0x0000000747200000, 0x0000000747200000, 0x0000000747400000|  0%| F|  |TAMS 0x0000000747200000, 0x0000000747200000| Untracked 
|  40|0x0000000747400000, 0x0000000747400000, 0x0000000747600000|  0%| F|  |TAMS 0x0000000747400000, 0x0000000747400000| Untracked 
|  41|0x0000000747600000, 0x0000000747600000, 0x0000000747800000|  0%| F|  |TAMS 0x0000000747600000, 0x0000000747600000| Untracked 
|  42|0x0000000747800000, 0x0000000747800000, 0x0000000747a00000|  0%| F|  |TAMS 0x0000000747800000, 0x0000000747800000| Untracked 
|  43|0x0000000747a00000, 0x0000000747a00000, 0x0000000747c00000|  0%| F|  |TAMS 0x0000000747a00000, 0x0000000747a00000| Untracked 
|  44|0x0000000747c00000, 0x0000000747c00000, 0x0000000747e00000|  0%| F|  |TAMS 0x0000000747c00000, 0x0000000747c00000| Untracked 
|  45|0x0000000747e00000, 0x0000000747e00000, 0x0000000748000000|  0%| F|  |TAMS 0x0000000747e00000, 0x0000000747e00000| Untracked 
|  46|0x0000000748000000, 0x0000000748000000, 0x0000000748200000|  0%| F|  |TAMS 0x0000000748000000, 0x0000000748000000| Untracked 
|  47|0x0000000748200000, 0x0000000748200000, 0x0000000748400000|  0%| F|  |TAMS 0x0000000748200000, 0x0000000748200000| Untracked 
|  48|0x0000000748400000, 0x0000000748400000, 0x0000000748600000|  0%| F|  |TAMS 0x0000000748400000, 0x0000000748400000| Untracked 
|  49|0x0000000748600000, 0x0000000748600000, 0x0000000748800000|  0%| F|  |TAMS 0x0000000748600000, 0x0000000748600000| Untracked 
|  50|0x0000000748800000, 0x0000000748800000, 0x0000000748a00000|  0%| F|  |TAMS 0x0000000748800000, 0x0000000748800000| Untracked 
|  51|0x0000000748a00000, 0x0000000748a00000, 0x0000000748c00000|  0%| F|  |TAMS 0x0000000748a00000, 0x0000000748a00000| Untracked 
|  52|0x0000000748c00000, 0x0000000748c00000, 0x0000000748e00000|  0%| F|  |TAMS 0x0000000748c00000, 0x0000000748c00000| Untracked 
|  53|0x0000000748e00000, 0x0000000748e00000, 0x0000000749000000|  0%| F|  |TAMS 0x0000000748e00000, 0x0000000748e00000| Untracked 
|  54|0x0000000749000000, 0x0000000749000000, 0x0000000749200000|  0%| F|  |TAMS 0x0000000749000000, 0x0000000749000000| Untracked 
|  55|0x0000000749200000, 0x0000000749200000, 0x0000000749400000|  0%| F|  |TAMS 0x0000000749200000, 0x0000000749200000| Untracked 
|  56|0x0000000749400000, 0x0000000749400000, 0x0000000749600000|  0%| F|  |TAMS 0x0000000749400000, 0x0000000749400000| Untracked 
|  57|0x0000000749600000, 0x0000000749600000, 0x0000000749800000|  0%| F|  |TAMS 0x0000000749600000, 0x0000000749600000| Untracked 
|  58|0x0000000749800000, 0x0000000749800000, 0x0000000749a00000|  0%| F|  |TAMS 0x0000000749800000, 0x0000000749800000| Untracked 
|  59|0x0000000749a00000, 0x0000000749a00000, 0x0000000749c00000|  0%| F|  |TAMS 0x0000000749a00000, 0x0000000749a00000| Untracked 
|  60|0x0000000749c00000, 0x0000000749c00000, 0x0000000749e00000|  0%| F|  |TAMS 0x0000000749c00000, 0x0000000749c00000| Untracked 
|  77|0x000000074be00000, 0x000000074be00000, 0x000000074c000000|  0%| F|  |TAMS 0x000000074be00000, 0x000000074be00000| Untracked 
|  78|0x000000074c000000, 0x000000074c0d31c8, 0x000000074c200000| 41%| E|  |TAMS 0x000000074c000000, 0x000000074c000000| Complete 
|  79|0x000000074c200000, 0x000000074c400000, 0x000000074c400000|100%| E|CS|TAMS 0x000000074c200000, 0x000000074c200000| Complete 
|  94|0x000000074e000000, 0x000000074e200000, 0x000000074e200000|100%| E|CS|TAMS 0x000000074e000000, 0x000000074e000000| Complete 

Card table byte_map: [0x00000177f2a20000,0x00000177f3010000] _byte_map_base: 0x00000177ef00e000

Marking Bits (Prev, Next): (CMBitMap*) 0x00000177e86eab30, (CMBitMap*) 0x00000177e86eaaf0
 Prev Bits: [0x00000177f6570000, 0x00000177f94e0000)
 Next Bits: [0x00000177f3600000, 0x00000177f6570000)

Polling page: 0x00000177ea050000

Metaspace:

Usage:
  Non-class:     66.04 MB used.
      Class:      9.50 MB used.
       Both:     75.54 MB used.

Virtual space:
  Non-class space:       72.00 MB reserved,      66.31 MB ( 92%) committed,  9 nodes.
      Class space:        1.00 GB reserved,       9.75 MB ( <1%) committed,  1 nodes.
             Both:        1.07 GB reserved,      76.06 MB (  7%) committed. 

Chunk freelists:
   Non-Class:  992.00 KB
       Class:  2.23 MB
        Both:  3.20 MB

MaxMetaspaceSize: unlimited
CompressedClassSpaceSize: 1.00 GB
Initial GC threshold: 21.00 MB
Current GC threshold: 98.06 MB
CDS: on
MetaspaceReclaimPolicy: balanced
 - commit_granule_bytes: 65536.
 - commit_granule_words: 8192.
 - virtual_space_node_default_size: 1048576.
 - enlarge_chunks_in_place: 1.
 - new_chunks_are_fully_committed: 0.
 - uncommit_free_chunks: 1.
 - use_allocation_guard: 0.
 - handle_deallocations: 1.


Internal statistics:

num_allocs_failed_limit: 9.
num_arena_births: 716.
num_arena_deaths: 0.
num_vsnodes_births: 10.
num_vsnodes_deaths: 0.
num_space_committed: 1217.
num_space_uncommitted: 0.
num_chunks_returned_to_freelist: 9.
num_chunks_taken_from_freelist: 3595.
num_chunk_merges: 9.
num_chunk_splits: 2500.
num_chunks_enlarged: 1890.
num_purges: 0.
num_inconsistent_stats: 0.

CodeHeap 'non-profiled nmethods': size=120000Kb used=11978Kb max_used=11978Kb free=108021Kb
 bounds [0x0000017787ad0000, 0x0000017788690000, 0x000001778f000000]
CodeHeap 'profiled nmethods': size=120000Kb used=21257Kb max_used=26870Kb free=98742Kb
 bounds [0x00000177805a0000, 0x0000017781fe0000, 0x0000017787ad0000]
CodeHeap 'non-nmethods': size=5760Kb used=1401Kb max_used=1461Kb free=4358Kb
 bounds [0x0000017780000000, 0x0000017780270000, 0x00000177805a0000]
 total_blobs=12238 nmethods=11538 adapters=609
 compilation: enabled
              stopped_count=0, restarted_count=0
 full_count=0

Compilation events (20 events):
Event: 233.503 Thread 0x00000177fbf20910 nmethod 14403 0x0000017788672810 code [0x00000177886729a0, 0x0000017788672ab8]
Event: 233.509 Thread 0x00000177fbf20910 14404       4       com.microsoft.sqlserver.jdbc.SQLServerResultSet::getInt (62 bytes)
Event: 233.528 Thread 0x00000177fbf20910 nmethod 14404 0x0000017788672c90 code [0x0000017788672ea0, 0x0000017788673748]
Event: 233.528 Thread 0x00000177fbf20910 14405       4       org.springframework.core.convert.Property::equals (83 bytes)
Event: 233.540 Thread 0x00000177fbf20910 nmethod 14405 0x0000017788674090 code [0x0000017788674220, 0x0000017788674778]
Event: 233.540 Thread 0x00000177fbf20910 14406   !   4       jdk.internal.reflect.GeneratedMethodAccessor101::invoke (61 bytes)
Event: 233.541 Thread 0x00000177fbf20910 nmethod 14406 0x0000017788674b90 code [0x0000017788674d20, 0x0000017788674df8]
Event: 233.547 Thread 0x00000177fbf20910 14407       4       org.hibernate.engine.spi.EffectiveEntityGraph::applyConfiguredGraph (145 bytes)
Event: 233.549 Thread 0x00000177fbf20910 nmethod 14407 0x0000017788674f10 code [0x00000177886750a0, 0x0000017788675198]
Event: 233.549 Thread 0x00000177fbf20910 14408   !   4       jdk.internal.reflect.GeneratedMethodAccessor102::invoke (65 bytes)
Event: 233.611 Thread 0x000001779220bc10 nmethod 14401 0x0000017788675290 code [0x0000017788675740, 0x0000017788679638]
Event: 233.612 Thread 0x000001779220bc10 14410       4       org.modelmapper.internal.util.Types::rawTypeFor (149 bytes)
Event: 233.613 Thread 0x000001779220bc10 nmethod 14410 0x000001778867cd90 code [0x000001778867cf00, 0x000001778867cf98]
Event: 233.613 Thread 0x000001779220bc10 14409       4       java.util.GregorianCalendar::getTimeZone (43 bytes)
Event: 233.616 Thread 0x000001779220bc10 nmethod 14409 0x000001778867d090 code [0x000001778867d220, 0x000001778867d438]
Event: 233.616 Thread 0x000001779220bc10 14411   !   4       org.springframework.expression.spel.ast.PropertyOrFieldReference::readProperty (277 bytes)
Event: 233.724 Thread 0x00000177fbf20910 nmethod 14408 0x000001778867d590 code [0x000001778867d900, 0x00000177886803f0]
Event: 233.724 Thread 0x00000177fbf20910 14415       4       org.springframework.core.annotation.AnnotationsScanner::isWithoutHierarchy (112 bytes)
Event: 233.732 Thread 0x00000177fbf20910 nmethod 14415 0x0000017788682110 code [0x0000017788682320, 0x0000017788682710]
Event: 233.732 Thread 0x00000177fbf20910 14414       4       org.springframework.context.event.SimpleApplicationEventMulticaster::multicastEvent (90 bytes)

GC Heap History (20 events):
Event: 219.789 GC heap before
{Heap before GC invocations=55 (full 0):
 garbage-first heap   total 133120K, used 112028K [0x0000000742400000, 0x0000000800000000)
  region size 2048K, 35 young (71680K), 1 survivors (2048K)
 Metaspace       used 77346K, committed 77888K, reserved 1122304K
  class space    used 9723K, committed 9984K, reserved 1048576K
}
Event: 219.791 GC heap after
{Heap after GC invocations=56 (full 0):
 garbage-first heap   total 133120K, used 44729K [0x0000000742400000, 0x0000000800000000)
  region size 2048K, 1 young (2048K), 1 survivors (2048K)
 Metaspace       used 77346K, committed 77888K, reserved 1122304K
  class space    used 9723K, committed 9984K, reserved 1048576K
}
Event: 221.062 GC heap before
{Heap before GC invocations=56 (full 0):
 garbage-first heap   total 133120K, used 112313K [0x0000000742400000, 0x0000000800000000)
  region size 2048K, 35 young (71680K), 1 survivors (2048K)
 Metaspace       used 77346K, committed 77888K, reserved 1122304K
  class space    used 9723K, committed 9984K, reserved 1048576K
}
Event: 221.063 GC heap after
{Heap after GC invocations=57 (full 0):
 garbage-first heap   total 133120K, used 44597K [0x0000000742400000, 0x0000000800000000)
  region size 2048K, 1 young (2048K), 1 survivors (2048K)
 Metaspace       used 77346K, committed 77888K, reserved 1122304K
  class space    used 9723K, committed 9984K, reserved 1048576K
}
Event: 222.013 GC heap before
{Heap before GC invocations=57 (full 0):
 garbage-first heap   total 133120K, used 112181K [0x0000000742400000, 0x0000000800000000)
  region size 2048K, 35 young (71680K), 1 survivors (2048K)
 Metaspace       used 77346K, committed 77888K, reserved 1122304K
  class space    used 9723K, committed 9984K, reserved 1048576K
}
Event: 222.014 GC heap after
{Heap after GC invocations=58 (full 0):
 garbage-first heap   total 133120K, used 44995K [0x0000000742400000, 0x0000000800000000)
  region size 2048K, 1 young (2048K), 1 survivors (2048K)
 Metaspace       used 77346K, committed 77888K, reserved 1122304K
  class space    used 9723K, committed 9984K, reserved 1048576K
}
Event: 223.236 GC heap before
{Heap before GC invocations=58 (full 0):
 garbage-first heap   total 133120K, used 112579K [0x0000000742400000, 0x0000000800000000)
  region size 2048K, 35 young (71680K), 1 survivors (2048K)
 Metaspace       used 77346K, committed 77888K, reserved 1122304K
  class space    used 9723K, committed 9984K, reserved 1048576K
}
Event: 223.237 GC heap after
{Heap after GC invocations=59 (full 0):
 garbage-first heap   total 133120K, used 44691K [0x0000000742400000, 0x0000000800000000)
  region size 2048K, 1 young (2048K), 1 survivors (2048K)
 Metaspace       used 77346K, committed 77888K, reserved 1122304K
  class space    used 9723K, committed 9984K, reserved 1048576K
}
Event: 224.324 GC heap before
{Heap before GC invocations=59 (full 0):
 garbage-first heap   total 133120K, used 112275K [0x0000000742400000, 0x0000000800000000)
  region size 2048K, 35 young (71680K), 1 survivors (2048K)
 Metaspace       used 77346K, committed 77888K, reserved 1122304K
  class space    used 9723K, committed 9984K, reserved 1048576K
}
Event: 224.325 GC heap after
{Heap after GC invocations=60 (full 0):
 garbage-first heap   total 133120K, used 44611K [0x0000000742400000, 0x0000000800000000)
  region size 2048K, 1 young (2048K), 1 survivors (2048K)
 Metaspace       used 77346K, committed 77888K, reserved 1122304K
  class space    used 9723K, committed 9984K, reserved 1048576K
}
Event: 225.367 GC heap before
{Heap before GC invocations=60 (full 0):
 garbage-first heap   total 133120K, used 112195K [0x0000000742400000, 0x0000000800000000)
  region size 2048K, 35 young (71680K), 1 survivors (2048K)
 Metaspace       used 77346K, committed 77888K, reserved 1122304K
  class space    used 9723K, committed 9984K, reserved 1048576K
}
Event: 225.368 GC heap after
{Heap after GC invocations=61 (full 0):
 garbage-first heap   total 133120K, used 45000K [0x0000000742400000, 0x0000000800000000)
  region size 2048K, 1 young (2048K), 1 survivors (2048K)
 Metaspace       used 77346K, committed 77888K, reserved 1122304K
  class space    used 9723K, committed 9984K, reserved 1048576K
}
Event: 229.235 GC heap before
{Heap before GC invocations=61 (full 0):
 garbage-first heap   total 133120K, used 112584K [0x0000000742400000, 0x0000000800000000)
  region size 2048K, 35 young (71680K), 1 survivors (2048K)
 Metaspace       used 77346K, committed 77888K, reserved 1122304K
  class space    used 9723K, committed 9984K, reserved 1048576K
}
Event: 229.237 GC heap after
{Heap after GC invocations=62 (full 0):
 garbage-first heap   total 133120K, used 44703K [0x0000000742400000, 0x0000000800000000)
  region size 2048K, 1 young (2048K), 1 survivors (2048K)
 Metaspace       used 77346K, committed 77888K, reserved 1122304K
  class space    used 9723K, committed 9984K, reserved 1048576K
}
Event: 232.393 GC heap before
{Heap before GC invocations=62 (full 0):
 garbage-first heap   total 133120K, used 112287K [0x0000000742400000, 0x0000000800000000)
  region size 2048K, 35 young (71680K), 1 survivors (2048K)
 Metaspace       used 77346K, committed 77888K, reserved 1122304K
  class space    used 9723K, committed 9984K, reserved 1048576K
}
Event: 232.395 GC heap after
{Heap after GC invocations=63 (full 0):
 garbage-first heap   total 133120K, used 45011K [0x0000000742400000, 0x0000000800000000)
  region size 2048K, 1 young (2048K), 1 survivors (2048K)
 Metaspace       used 77346K, committed 77888K, reserved 1122304K
  class space    used 9723K, committed 9984K, reserved 1048576K
}
Event: 233.050 GC heap before
{Heap before GC invocations=63 (full 0):
 garbage-first heap   total 133120K, used 110547K [0x0000000742400000, 0x0000000800000000)
  region size 2048K, 34 young (69632K), 1 survivors (2048K)
 Metaspace       used 77346K, committed 77888K, reserved 1122304K
  class space    used 9723K, committed 9984K, reserved 1048576K
}
Event: 233.052 GC heap after
{Heap after GC invocations=64 (full 0):
 garbage-first heap   total 133120K, used 44240K [0x0000000742400000, 0x0000000800000000)
  region size 2048K, 1 young (2048K), 1 survivors (2048K)
 Metaspace       used 77346K, committed 77888K, reserved 1122304K
  class space    used 9723K, committed 9984K, reserved 1048576K
}
Event: 233.786 GC heap before
{Heap before GC invocations=64 (full 0):
 garbage-first heap   total 133120K, used 111824K [0x0000000742400000, 0x0000000800000000)
  region size 2048K, 35 young (71680K), 1 survivors (2048K)
 Metaspace       used 77349K, committed 77888K, reserved 1122304K
  class space    used 9724K, committed 9984K, reserved 1048576K
}
Event: 233.788 GC heap after
{Heap after GC invocations=65 (full 0):
 garbage-first heap   total 133120K, used 44227K [0x0000000742400000, 0x0000000800000000)
  region size 2048K, 1 young (2048K), 1 survivors (2048K)
 Metaspace       used 77349K, committed 77888K, reserved 1122304K
  class space    used 9724K, committed 9984K, reserved 1048576K
}

Deoptimization events (20 events):
Event: 219.437 Thread 0x00000177ff0e79f0 Uncommon trap: trap_request=0xffffff3d fr.pc=0x000001778832a7c0 relative=0x0000000000000220
Event: 219.437 Thread 0x00000177ff0e79f0 Uncommon trap: reason=unstable_fused_if action=reinterpret pc=0x000001778832a7c0 method=sun.util.calendar.BaseCalendar.getFixedDate(IIILsun/util/calendar/BaseCalendar$Date;)J @ 67 c2
Event: 219.437 Thread 0x00000177ff0e79f0 DEOPT PACKING pc=0x000001778832a7c0 sp=0x00000009d26fae60
Event: 219.437 Thread 0x00000177ff0e79f0 DEOPT UNPACKING pc=0x00000177800523a3 sp=0x00000009d26fae00 mode 2
Event: 219.437 Thread 0x00000177ff0e79f0 Uncommon trap: trap_request=0xffffff3d fr.pc=0x0000017788509244 relative=0x0000000000001124
Event: 219.437 Thread 0x00000177ff0e79f0 Uncommon trap: reason=unstable_fused_if action=reinterpret pc=0x0000017788509244 method=java.util.GregorianCalendar.computeFields(II)I @ 201 c2
Event: 219.437 Thread 0x00000177ff0e79f0 DEOPT PACKING pc=0x0000017788509244 sp=0x00000009d26faf00
Event: 219.437 Thread 0x00000177ff0e79f0 DEOPT UNPACKING pc=0x00000177800523a3 sp=0x00000009d26fae28 mode 2
Event: 219.437 Thread 0x00000177ff0e79f0 Uncommon trap: trap_request=0xffffff45 fr.pc=0x00000177883c6a54 relative=0x0000000000000394
Event: 219.437 Thread 0x00000177ff0e79f0 Uncommon trap: reason=unstable_if action=reinterpret pc=0x00000177883c6a54 method=sun.util.calendar.BaseCalendar$Date.hit(J)Z @ 6 c2
Event: 219.437 Thread 0x00000177ff0e79f0 DEOPT PACKING pc=0x00000177883c6a54 sp=0x00000009d26fade0
Event: 219.437 Thread 0x00000177ff0e79f0 DEOPT UNPACKING pc=0x00000177800523a3 sp=0x00000009d26facc8 mode 2
Event: 219.437 Thread 0x00000177ff0e79f0 Uncommon trap: trap_request=0xffffff45 fr.pc=0x00000177882135b0 relative=0x0000000000000130
Event: 219.437 Thread 0x00000177ff0e79f0 Uncommon trap: reason=unstable_if action=reinterpret pc=0x00000177882135b0 method=java.util.GregorianCalendar.getWeekNumber(JJ)I @ 48 c2
Event: 219.437 Thread 0x00000177ff0e79f0 DEOPT PACKING pc=0x00000177882135b0 sp=0x00000009d26fade0
Event: 219.437 Thread 0x00000177ff0e79f0 DEOPT UNPACKING pc=0x00000177800523a3 sp=0x00000009d26fad78 mode 2
Event: 227.511 Thread 0x00000177ff0e61e0 Uncommon trap: trap_request=0xffffff45 fr.pc=0x0000017788515c08 relative=0x0000000000000088
Event: 227.511 Thread 0x00000177ff0e61e0 Uncommon trap: reason=unstable_if action=reinterpret pc=0x0000017788515c08 method=org.apache.tomcat.util.net.NioEndpoint$Poller.timeout(IZ)V @ 18 c2
Event: 227.511 Thread 0x00000177ff0e61e0 DEOPT PACKING pc=0x0000017788515c08 sp=0x00000009d29ff1c0
Event: 227.511 Thread 0x00000177ff0e61e0 DEOPT UNPACKING pc=0x00000177800523a3 sp=0x00000009d29ff160 mode 2

Classes unloaded (0 events):
No events

Classes redefined (0 events):
No events

Internal exceptions (20 events):
Event: 11.864 Thread 0x00000177fd69cc00 Exception <a 'java/lang/NoSuchMethodError'{0x0000000745856540}: 'void java.lang.invoke.DirectMethodHandle$Holder.invokeVirtual(java.lang.Object, java.lang.Object)'> (0x0000000745856540) 
thrown [s\open\src\hotspot\share\interpreter\linkResolver.cpp, line 759]
Event: 13.881 Thread 0x00000177ff0bf900 Exception <a 'java/lang/reflect/InvocationTargetException'{0x0000000748b268e0}> (0x0000000748b268e0) 
thrown [s\open\src\hotspot\share\runtime\reflection.cpp, line 1121]
Event: 13.887 Thread 0x00000177ff0bf900 Exception <a 'java/lang/NoClassDefFoundError'{0x0000000748b53520}: sun/reflect/Reflection> (0x0000000748b53520) 
thrown [s\open\src\hotspot\share\classfile\systemDictionary.cpp, line 245]
Event: 42.040 Thread 0x00000177ff0e79f0 Exception <a 'java/lang/NoSuchMethodError'{0x00000007484411d0}: 'java.lang.Object java.lang.invoke.DirectMethodHandle$Holder.invokeStaticInit(java.lang.Object, java.lang.Object, java.lang.Object, java.lang.Object, java.lang.Object, java.lang.Object)'> (0x00000007484411d0) 
thrown [s\open\src\hotspot\share\interpreter\linkResolver.cpp, line 759]
Event: 157.311 Thread 0x00000177ff0c0c40 Exception <a 'java/lang/NoSuchMethodError'{0x00000007473d1d70}: 'java.lang.Object java.lang.invoke.DirectMethodHandle$Holder.newInvokeSpecial(java.lang.Object, long)'> (0x00000007473d1d70) 
thrown [s\open\src\hotspot\share\interpreter\linkResolver.cpp, line 759]
Event: 157.478 Thread 0x00000177ff0c0c40 Implicit null exception at 0x0000017787c2f6cf to 0x0000017787c2f844
Event: 157.741 Thread 0x00000177ff0bea90 Exception <a 'java/lang/ClassNotFoundException'{0x0000000746f5cb50}: java/lang/ObjectCustomizer> (0x0000000746f5cb50) 
thrown [s\open\src\hotspot\share\classfile\systemDictionary.cpp, line 256]
Event: 157.744 Thread 0x00000177ff0bea90 Exception <a 'java/lang/ClassNotFoundException'{0x0000000746f6ac70}: com/bcaf/tugasakhir/model/VoteCustomizer> (0x0000000746f6ac70) 
thrown [s\open\src\hotspot\share\classfile\systemDictionary.cpp, line 256]
Event: 157.795 Thread 0x00000177ff0bfdd0 Exception <a 'java/lang/ClassNotFoundException'{0x0000000746dcf208}: java/lang/ObjectCustomizer> (0x0000000746dcf208) 
thrown [s\open\src\hotspot\share\classfile\systemDictionary.cpp, line 256]
Event: 157.805 Thread 0x00000177ff0be0f0 Exception <a 'java/lang/ClassNotFoundException'{0x000000074e0023a0}: java/lang/ObjectCustomizer> (0x000000074e0023a0) 
thrown [s\open\src\hotspot\share\classfile\systemDictionary.cpp, line 256]
Event: 157.809 Thread 0x00000177ff0e5370 Exception <a 'java/lang/ClassNotFoundException'{0x000000074e07a380}: java/lang/ObjectCustomizer> (0x000000074e07a380) 
thrown [s\open\src\hotspot\share\classfile\systemDictionary.cpp, line 256]
Event: 157.810 Thread 0x00000177ff0bea90 Exception <a 'java/lang/ClassNotFoundException'{0x000000074e10a148}: java/lang/ObjectCustomizer> (0x000000074e10a148) 
thrown [s\open\src\hotspot\share\classfile\systemDictionary.cpp, line 256]
Event: 157.811 Thread 0x00000177ff0bfdd0 Exception <a 'java/lang/ClassNotFoundException'{0x000000074e0c1d58}: com/bcaf/tugasakhir/model/PostCustomizer> (0x000000074e0c1d58) 
thrown [s\open\src\hotspot\share\classfile\systemDictionary.cpp, line 256]
Event: 157.812 Thread 0x00000177ff0bea90 Exception <a 'java/lang/ClassNotFoundException'{0x000000074e1175b8}: com/bcaf/tugasakhir/model/PostCustomizer> (0x000000074e1175b8) 
thrown [s\open\src\hotspot\share\classfile\systemDictionary.cpp, line 256]
Event: 157.813 Thread 0x00000177ff0e5370 Exception <a 'java/lang/ClassNotFoundException'{0x000000074e0877f0}: com/bcaf/tugasakhir/model/PostCustomizer> (0x000000074e0877f0) 
thrown [s\open\src\hotspot\share\classfile\systemDictionary.cpp, line 256]
Event: 157.815 Thread 0x00000177ff0be0f0 Exception <a 'java/lang/ClassNotFoundException'{0x000000074e00f810}: com/bcaf/tugasakhir/model/PostCustomizer> (0x000000074e00f810) 
thrown [s\open\src\hotspot\share\classfile\systemDictionary.cpp, line 256]
Event: 172.412 Thread 0x00000177ff0e79f0 Implicit null exception at 0x00000177881437a5 to 0x0000017788144c38
Event: 172.417 Thread 0x00000177ff0be0f0 Implicit null exception at 0x00000177881437a5 to 0x0000017788144c38
Event: 172.421 Thread 0x00000177ff0be0f0 Implicit null exception at 0x00000177881437a5 to 0x0000017788144c38
Event: 172.427 Thread 0x00000177ff0be5c0 Implicit null exception at 0x00000177881437a5 to 0x0000017788144c38

VM Operations (20 events):
Event: 223.236 Executing VM operation: G1CollectForAllocation
Event: 223.238 Executing VM operation: G1CollectForAllocation done
Event: 224.244 Executing VM operation: Cleanup
Event: 224.244 Executing VM operation: Cleanup done
Event: 224.323 Executing VM operation: G1CollectForAllocation
Event: 224.325 Executing VM operation: G1CollectForAllocation done
Event: 225.367 Executing VM operation: G1CollectForAllocation
Event: 225.369 Executing VM operation: G1CollectForAllocation done
Event: 227.375 Executing VM operation: Cleanup
Event: 227.375 Executing VM operation: Cleanup done
Event: 229.235 Executing VM operation: G1CollectForAllocation
Event: 229.238 Executing VM operation: G1CollectForAllocation done
Event: 230.244 Executing VM operation: Cleanup
Event: 230.244 Executing VM operation: Cleanup done
Event: 232.393 Executing VM operation: G1CollectForAllocation
Event: 232.395 Executing VM operation: G1CollectForAllocation done
Event: 233.050 Executing VM operation: G1CollectForAllocation
Event: 233.052 Executing VM operation: G1CollectForAllocation done
Event: 233.786 Executing VM operation: G1CollectForAllocation
Event: 233.788 Executing VM operation: G1CollectForAllocation done

Events (20 events):
Event: 208.001 Thread 0x00000177fbf2bbe0 flushing nmethod 0x0000017781b8d010
Event: 208.001 Thread 0x00000177fbf2bbe0 flushing nmethod 0x0000017781b91090
Event: 208.001 Thread 0x00000177fbf2bbe0 flushing nmethod 0x0000017781b9d290
Event: 208.001 Thread 0x00000177fbf2bbe0 flushing nmethod 0x0000017781ba0510
Event: 208.002 Thread 0x00000177fbf2bbe0 flushing nmethod 0x0000017781bc4f10
Event: 208.002 Thread 0x00000177fbf2bbe0 flushing nmethod 0x0000017781bedf90
Event: 208.002 Thread 0x00000177fbf2bbe0 flushing nmethod 0x0000017781c82190
Event: 208.002 Thread 0x00000177fbf2bbe0 flushing nmethod 0x0000017781c82690
Event: 208.002 Thread 0x00000177fbf2bbe0 flushing nmethod 0x0000017781c84590
Event: 208.002 Thread 0x00000177fbf2bbe0 flushing nmethod 0x0000017781c8f590
Event: 208.002 Thread 0x00000177fbf2bbe0 flushing nmethod 0x0000017781c93a10
Event: 208.003 Thread 0x00000177fbf2bbe0 flushing nmethod 0x0000017781df8e90
Event: 208.003 Thread 0x00000177fbf2bbe0 flushing nmethod 0x0000017781df9210
Event: 208.004 Thread 0x00000177fbf2bbe0 flushing nmethod 0x0000017781e5f510
Event: 208.004 Thread 0x00000177fbf2bbe0 flushing nmethod 0x0000017781ea7410
Event: 208.004 Thread 0x00000177fbf2bbe0 flushing nmethod 0x0000017781f4b410
Event: 208.004 Thread 0x00000177fbf2bbe0 flushing nmethod 0x0000017781facb90
Event: 208.004 Thread 0x00000177fbf2bbe0 flushing nmethod 0x0000017781faf510
Event: 208.005 Thread 0x00000177fbf2bbe0 flushing nmethod 0x0000017781fc7890
Event: 233.444 Thread 0x000001779220bc10 Thread added: 0x000001779220bc10


Dynamic libraries:
0x00007ff651b70000 - 0x00007ff651b80000 	D:\Program Files\Java\jdk-17.0.4\bin\java.exe
0x00007ff906bd0000 - 0x00007ff906de7000 	C:\WINDOWS\SYSTEM32\ntdll.dll
0x00007ff905e00000 - 0x00007ff905ec4000 	C:\WINDOWS\System32\KERNEL32.DLL
0x00007ff904580000 - 0x00007ff904925000 	C:\WINDOWS\System32\KERNELBASE.dll
0x00007ff903f50000 - 0x00007ff904061000 	C:\WINDOWS\System32\ucrtbase.dll
0x00007ff8ef840000 - 0x00007ff8ef858000 	D:\Program Files\Java\jdk-17.0.4\bin\jli.dll
0x00007ff8ed640000 - 0x00007ff8ed65a000 	D:\Program Files\Java\jdk-17.0.4\bin\VCRUNTIME140.dll
0x00007ff904930000 - 0x00007ff9049e0000 	C:\WINDOWS\System32\ADVAPI32.dll
0x00007ff906810000 - 0x00007ff9068b7000 	C:\WINDOWS\System32\msvcrt.dll
0x00007ff906680000 - 0x00007ff906726000 	C:\WINDOWS\System32\sechost.dll
0x00007ff906180000 - 0x00007ff906297000 	C:\WINDOWS\System32\RPCRT4.dll
0x00007ff9069b0000 - 0x00007ff906b5e000 	C:\WINDOWS\System32\USER32.dll
0x00007ff904550000 - 0x00007ff904576000 	C:\WINDOWS\System32\win32u.dll
0x00007ff8efce0000 - 0x00007ff8eff73000 	C:\WINDOWS\WinSxS\amd64_microsoft.windows.common-controls_6595b64144ccf1df_6.0.23560.1000_none_ec3c026cfd536859\COMCTL32.dll
0x00007ff906b60000 - 0x00007ff906b89000 	C:\WINDOWS\System32\GDI32.dll
0x00007ff904110000 - 0x00007ff904228000 	C:\WINDOWS\System32\gdi32full.dll
0x00007ff904070000 - 0x00007ff90410a000 	C:\WINDOWS\System32\msvcp_win.dll
0x00007ff8f8a90000 - 0x00007ff8f8a9a000 	C:\WINDOWS\SYSTEM32\VERSION.dll
0x00007ff9065b0000 - 0x00007ff9065e1000 	C:\WINDOWS\System32\IMM32.DLL
0x00007ff8f8300000 - 0x00007ff8f830c000 	D:\Program Files\Java\jdk-17.0.4\bin\vcruntime140_1.dll
0x00007ff8d65f0000 - 0x00007ff8d667d000 	D:\Program Files\Java\jdk-17.0.4\bin\msvcp140.dll
0x00007ff86a010000 - 0x00007ff86abd2000 	D:\Program Files\Java\jdk-17.0.4\bin\server\jvm.dll
0x00007ff9065f0000 - 0x00007ff9065f8000 	C:\WINDOWS\System32\PSAPI.DLL
0x00007ff8f77e0000 - 0x00007ff8f77e9000 	C:\WINDOWS\SYSTEM32\WSOCK32.dll
0x00007ff8e2760000 - 0x00007ff8e2794000 	C:\WINDOWS\SYSTEM32\WINMM.dll
0x00007ff906600000 - 0x00007ff906671000 	C:\WINDOWS\System32\WS2_32.dll
0x00007ff903020000 - 0x00007ff903038000 	C:\WINDOWS\SYSTEM32\kernel.appcore.dll
0x00007ff8f79e0000 - 0x00007ff8f79ea000 	D:\Program Files\Java\jdk-17.0.4\bin\jimage.dll
0x00007ff901920000 - 0x00007ff901b4e000 	C:\WINDOWS\SYSTEM32\DBGHELP.DLL
0x00007ff9055f0000 - 0x00007ff90597a000 	C:\WINDOWS\System32\combase.dll
0x00007ff906730000 - 0x00007ff906807000 	C:\WINDOWS\System32\OLEAUT32.dll
0x00007ff8f8340000 - 0x00007ff8f8372000 	C:\WINDOWS\SYSTEM32\dbgcore.DLL
0x00007ff9043a0000 - 0x00007ff90441a000 	C:\WINDOWS\System32\bcryptPrimitives.dll
0x00007ff8f83d0000 - 0x00007ff8f83de000 	D:\Program Files\Java\jdk-17.0.4\bin\instrument.dll
0x00007ff8ea9a0000 - 0x00007ff8ea9c5000 	D:\Program Files\Java\jdk-17.0.4\bin\java.dll
0x00007ff8c1290000 - 0x00007ff8c1366000 	D:\Program Files\Java\jdk-17.0.4\bin\jsvml.dll
0x00007ff9049f0000 - 0x00007ff905243000 	C:\WINDOWS\System32\SHELL32.dll
0x00007ff901ec0000 - 0x00007ff9027cf000 	C:\WINDOWS\SYSTEM32\windows.storage.dll
0x00007ff901d80000 - 0x00007ff901ebe000 	C:\WINDOWS\SYSTEM32\wintypes.dll
0x00007ff905f30000 - 0x00007ff906023000 	C:\WINDOWS\System32\SHCORE.dll
0x00007ff906030000 - 0x00007ff90608e000 	C:\WINDOWS\System32\shlwapi.dll
0x00007ff903e80000 - 0x00007ff903ea6000 	C:\WINDOWS\SYSTEM32\profapi.dll
0x00007ff8ea980000 - 0x00007ff8ea998000 	D:\Program Files\Java\jdk-17.0.4\bin\zip.dll
0x00007ff8ec0f0000 - 0x00007ff8ec109000 	D:\Program Files\Java\jdk-17.0.4\bin\net.dll
0x00007ff8f75d0000 - 0x00007ff8f7707000 	C:\WINDOWS\SYSTEM32\WINHTTP.dll
0x00007ff903500000 - 0x00007ff903569000 	C:\WINDOWS\system32\mswsock.dll
0x00007ff8eb6f0000 - 0x00007ff8eb706000 	D:\Program Files\Java\jdk-17.0.4\bin\nio.dll
0x00007ff8f83b0000 - 0x00007ff8f83ca000 	D:\Program Files\IntelliJ IDEA Community Edition 2022.3.2\bin\breakgen64.dll
0x00007ff8f7790000 - 0x00007ff8f77a0000 	D:\Program Files\Java\jdk-17.0.4\bin\verify.dll
0x00007ff8f69e0000 - 0x00007ff8f69e9000 	D:\Program Files\Java\jdk-17.0.4\bin\management.dll
0x00007ff8f62a0000 - 0x00007ff8f62ab000 	D:\Program Files\Java\jdk-17.0.4\bin\management_ext.dll
0x00007ff8f78a0000 - 0x00007ff8f78b7000 	C:\WINDOWS\system32\napinsp.dll
0x00007ff8f7880000 - 0x00007ff8f789b000 	C:\WINDOWS\system32\pnrpnsp.dll
0x00007ff8f60b0000 - 0x00007ff8f60d1000 	C:\WINDOWS\system32\nlansp_c.dll
0x00007ff902ac0000 - 0x00007ff902bb2000 	C:\WINDOWS\SYSTEM32\DNSAPI.dll
0x00007ff902a90000 - 0x00007ff902abd000 	C:\WINDOWS\SYSTEM32\IPHLPAPI.DLL
0x00007ff906120000 - 0x00007ff906129000 	C:\WINDOWS\System32\NSI.dll
0x00007ff8f7860000 - 0x00007ff8f7871000 	C:\WINDOWS\System32\winrnr.dll
0x00007ff8f4160000 - 0x00007ff8f4175000 	C:\WINDOWS\system32\wshbth.dll
0x00007ff8f4870000 - 0x00007ff8f487a000 	C:\Windows\System32\rasadhlp.dll
0x00007ff8f40d0000 - 0x00007ff8f4154000 	C:\WINDOWS\System32\fwpuclnt.dll
0x00007ff903750000 - 0x00007ff90376b000 	C:\WINDOWS\SYSTEM32\CRYPTSP.dll
0x00007ff902fe0000 - 0x00007ff903015000 	C:\WINDOWS\system32\rsaenh.dll
0x00007ff9035f0000 - 0x00007ff90361c000 	C:\WINDOWS\SYSTEM32\USERENV.dll
0x00007ff903910000 - 0x00007ff903938000 	C:\WINDOWS\SYSTEM32\bcrypt.dll
0x00007ff903770000 - 0x00007ff90377c000 	C:\WINDOWS\SYSTEM32\CRYPTBASE.dll
0x00007ff8f51b0000 - 0x00007ff8f51c9000 	C:\WINDOWS\SYSTEM32\dhcpcsvc6.DLL
0x00007ff8f5190000 - 0x00007ff8f51af000 	C:\WINDOWS\SYSTEM32\dhcpcsvc.DLL
0x00007ff8f6130000 - 0x00007ff8f613e000 	D:\Program Files\Java\jdk-17.0.4\bin\sunmscapi.dll
0x00007ff904230000 - 0x00007ff904396000 	C:\WINDOWS\System32\CRYPT32.dll
0x00007ff9038e0000 - 0x00007ff90390e000 	C:\WINDOWS\SYSTEM32\ncrypt.dll
0x00007ff9038a0000 - 0x00007ff9038d7000 	C:\WINDOWS\SYSTEM32\NTASN1.dll
0x00007ff8f6080000 - 0x00007ff8f6088000 	C:\WINDOWS\system32\wshunix.dll

dbghelp: loaded successfully - version: 4.0.5 - missing functions: none
symbol engine: initialized successfully - sym options: 0x614 - pdb path: .;D:\Program Files\Java\jdk-17.0.4\bin;C:\WINDOWS\SYSTEM32;C:\WINDOWS\WinSxS\amd64_microsoft.windows.common-controls_6595b64144ccf1df_6.0.23560.1000_none_ec3c026cfd536859;D:\Program Files\Java\jdk-17.0.4\bin\server;D:\Program Files\IntelliJ IDEA Community Edition 2022.3.2\bin

VM Arguments:
jvm_args: -javaagent:D:\Program Files\IntelliJ IDEA Community Edition 2022.3.2\lib\idea_rt.jar=64738:D:\Program Files\IntelliJ IDEA Community Edition 2022.3.2\bin -Dfile.encoding=UTF-8 
java_command: com.bcaf.tugasakhir.TugasakhirApplication
java_class_path (initial): D:\irvan\WORK\Boothcamp\Project\Springboot\tugas-akhir\target\classes;C:\Users\ASUS\.m2\repository\org\springdoc\springdoc-openapi-ui\1.7.0\springdoc-openapi-ui-1.7.0.jar;C:\Users\ASUS\.m2\repository\org\springdoc\springdoc-openapi-webmvc-core\1.7.0\springdoc-openapi-webmvc-core-1.7.0.jar;C:\Users\ASUS\.m2\repository\org\springdoc\springdoc-openapi-common\1.7.0\springdoc-openapi-common-1.7.0.jar;C:\Users\ASUS\.m2\repository\io\swagger\core\v3\swagger-core\2.2.9\swagger-core-2.2.9.jar;C:\Users\ASUS\.m2\repository\org\apache\commons\commons-lang3\3.12.0\commons-lang3-3.12.0.jar;C:\Users\ASUS\.m2\repository\com\fasterxml\jackson\dataformat\jackson-dataformat-yaml\2.13.5\jackson-dataformat-yaml-2.13.5.jar;C:\Users\ASUS\.m2\repository\io\swagger\core\v3\swagger-annotations\2.2.9\swagger-annotations-2.2.9.jar;C:\Users\ASUS\.m2\repository\io\swagger\core\v3\swagger-models\2.2.9\swagger-models-2.2.9.jar;C:\Users\ASUS\.m2\repository\org\webjars\swagger-ui\4.18.2\swagger-ui-4.18.2.jar;C:\Users\ASUS\.m2\repository\javax\xml\bind\jaxb-api\2.3.1\jaxb-api-2.3.1.jar;C:\Users\ASUS\.m2\repository\javax\activation\javax.activation-api\1.2.0\javax.activation-api-1.2.0.jar;C:\Users\ASUS\.m2\repository\io\jsonwebtoken\jjwt\0.9.1\jjwt-0.9.1.jar;C:\Users\ASUS\.m2\repository\com\fasterxml\jackson\core\jackson-databind\2.13.5\jackson-databind-2.13.5.jar;C:\Users\ASUS\.m2\repository\com\fasterxml\jackson\core\jackson-annotations\2.13.5\jackson-annotations-2.13.5.jar;C:\Users\ASUS\.m2\repository\com\fasterxml\jackson\core\jackson-core\2.13.5\jackson-core-2.13.5.jar;C:\Users\ASUS\.m2\repository\org\springframework\boot\spring-boot-starter-security\2.7.15\spring-boot-starter-security-2.7.15.jar;C:\Users\ASUS\.m2\repository\org\springframework\boot\spring-boot-starter\2.7.15\spring-boot-starter-2.7.15.jar;C:\Users\ASUS\.m2\repository\org\springframework\boot\spring-boot-starter-logging\2.7.15\spring-boot-starter-logging-2.7.15.jar;C:\Users\ASUS\.m2\repository\ch\qos\
Launcher Type: SUN_STANDARD

[Global flags]
     intx CICompilerCount                          = 4                                         {product} {ergonomic}
     uint ConcGCThreads                            = 2                                         {product} {ergonomic}
     uint G1ConcRefinementThreads                  = 8                                         {product} {ergonomic}
   size_t G1HeapRegionSize                         = 2097152                                   {product} {ergonomic}
    uintx GCDrainStackTargetSize                   = 64                                        {product} {ergonomic}
   size_t InitialHeapSize                          = 199229440                                 {product} {ergonomic}
   size_t MarkStackSize                            = 4194304                                   {product} {ergonomic}
   size_t MaxHeapSize                              = 3183476736                                {product} {ergonomic}
   size_t MaxNewSize                               = 1908408320                                {product} {ergonomic}
   size_t MinHeapDeltaBytes                        = 2097152                                   {product} {ergonomic}
   size_t MinHeapSize                              = 8388608                                   {product} {ergonomic}
    uintx NonNMethodCodeHeapSize                   = 5839372                                {pd product} {ergonomic}
    uintx NonProfiledCodeHeapSize                  = 122909434                              {pd product} {ergonomic}
    uintx ProfiledCodeHeapSize                     = 122909434                              {pd product} {ergonomic}
    uintx ReservedCodeCacheSize                    = 251658240                              {pd product} {ergonomic}
     bool SegmentedCodeCache                       = true                                      {product} {ergonomic}
   size_t SoftMaxHeapSize                          = 3183476736                             {manageable} {ergonomic}
     bool UseCompressedClassPointers               = true                           {product lp64_product} {ergonomic}
     bool UseCompressedOops                        = true                           {product lp64_product} {ergonomic}
     bool UseG1GC                                  = true                                      {product} {ergonomic}
     bool UseLargePagesIndividualAllocation        = false                                  {pd product} {ergonomic}

Logging:
Log output configuration:
 #0: stdout all=warning uptime,level,tags
 #1: stderr all=off uptime,level,tags

Environment Variables:
JAVA_HOME=D:\Program Files\Java\jdk-17.0.4
PATH=C:\Program Files\Common Files\Oracle\Java\javapath;C:\Program Files (x86)\Common Files\Oracle\Java\javapath;C:\Windows\system32;C:\Windows;C:\Windows\System32\Wbem;C:\Windows\System32\WindowsPowerShell\v1.0\;C:\Windows\System32\OpenSSH\;C:\Program Files (x86)\NVIDIA Corporation\PhysX\Common;C:\Program Files\Intel\WiFi\bin\;C:\Program Files\Common Files\Intel\WirelessCommon\;C:\WINDOWS\system32;C:\WINDOWS;C:\WINDOWS\System32\Wbem;C:\WINDOWS\System32\WindowsPowerShell\v1.0\;C:\WINDOWS\System32\OpenSSH\;C:\Program Files (x86)\Microsoft SQL Server\160\Tools\Binn\;C:\Program Files\Microsoft SQL Server\160\Tools\Binn\;C:\Program Files\Microsoft SQL Server\Client SDK\ODBC\170\Tools\Binn\;C:\Program Files\Microsoft SQL Server\160\DTS\Binn\;D:\Program Files\Java\jdk-17.0.4\bin;D:\Program Files\Java\jdk1.8.0_351\bin;C:\Program Files\Git\cmd;D:\irvan\WORK\Boothcamp\apache-jmeter-5.5\bin;C:\Program Files\nodejs\;C:\ProgramData\chocolatey\bin;D:\irvan\WORK\laragon-6.0.0\bin\php\php-8.0.29-Win32-vs16-x86;D:\Program Files\composer;C:\Users\ASUS\AppData\Local\Yarn\config\global\node_modules\.bin;C:\Users\ASUS\AppData\Roaming\Composer\vendor\bin;C:\Users\ASUS\AppData\Roaming\npm;D:\download\Compressed\laragon-6.0.0\bin;D:\download\Compressed\laragon-6.0.0\bin\composer;D:\download\Compressed\laragon-6.0.0\bin\laragon\utils;D:\download\Compressed\laragon-6.0.0\bin\mysql\mysql-5.1.72-win32\bin;D:\download\Compressed\laragon-6.0.0\bin\nginx\nginx-1.14.0;D:\download\Compressed\laragon-6.0.0\bin\notepad++;C:\Users\ASUS\AppData\Local\Microsoft\WindowsApps;C:\Users\ASUS\AppData\Local\Programs\Microsoft VS Code\bin;;%USERPROFILE%\AppData\Local\Microsoft\WindowsApps
USERNAME=ASUS
OS=Windows_NT
PROCESSOR_IDENTIFIER=Intel64 Family 6 Model 142 Stepping 12, GenuineIntel



---------------  S Y S T E M  ---------------

OS:
 Windows 11 , 64 bit Build 23560 (10.0.23560.1000)
OS uptime: 7 days 6:47 hours

CPU: total 8 (initial active 8) (4 cores per cpu, 2 threads per core) family 6 model 142 stepping 12 microcode 0xf0, cx8, cmov, fxsr, ht, mmx, 3dnowpref, sse, sse2, sse3, ssse3, sse4.1, sse4.2, popcnt, lzcnt, tsc, tscinvbit, avx, avx2, aes, erms, clmul, bmi1, bmi2, adx, fma, vzeroupper, clflush, clflushopt

Memory: 4k page, system-wide physical 12139M (1652M free)
TotalPageFile size 24847M (AvailPageFile size 5M)
current process WorkingSet (physical memory assigned to process): 361M, peak: 377M
current process commit charge ("private bytes"): 405M, peak: 415M

vm_info: Java HotSpot(TM) 64-Bit Server VM (17.0.4+11-LTS-179) for windows-amd64 JRE (17.0.4+11-LTS-179), built on Jun 28 2022 08:23:05 by "mach5one" with MS VC++ 16.8 / 16.9 (VS2019)

END.
